# JRE version: OpenJDK Runtime Environment (8.0) (build 1.8.0-25-microsoft-b00)
# Java VM: OpenJDK 64-Bit Server VM (25.71-b00 mixed mode windows-amd64 compressed oops)
Heap:
 PSYoungGen      total 38400K, used 26258K [0x00000000d9500000, 0x00000000dcc80000, 0x0000000100000000)
  eden space 27136K, 85% used [0x00000000d9500000,0x00000000daba9818,0x00000000daf80000)
  from space 11264K, 27% used [0x00000000daf80000,0x00000000db27b0e0,0x00000000dba80000)
  to   space 11264K, 0% used [0x00000000dc180000,0x00000000dc180000,0x00000000dcc80000)
 ParOldGen       total 31744K, used 20578K [0x000000008be00000, 0x000000008dd00000, 0x00000000d9500000)
  object space 31744K, 64% used [0x000000008be00000,0x000000008d218ad8,0x000000008dd00000)
 Metaspace       used 9607K, capacity 10228K, committed 10496K, reserved 1058816K
  class space    used 973K, capacity 1008K, committed 1024K, reserved 1048576K
GC Heap History (10 events):
Event: 2.744 GC heap before
{Heap before GC invocations=10 (full 1):
 PSYoungGen      total 24576K, used 24195K [0x00000000d9500000, 0x00000000db580000, 0x0000000100000000)
  eden space 20992K, 100% used [0x00000000d9500000,0x00000000da980000,0x00000000da980000)
  from space 3584K, 89% used [0x00000000db200000,0x00000000db520d88,0x00000000db580000)
  to   space 6144K, 0% used [0x00000000da980000,0x00000000da980000,0x00000000daf80000)
 ParOldGen       total 13312K, used 7651K [0x000000008be00000, 0x000000008cb00000, 0x00000000d9500000)
  object space 13312K, 57% used [0x000000008be00000,0x000000008c578e58,0x000000008cb00000)
 Metaspace       used 7706K, capacity 8532K, committed 8704K, reserved 1056768K
  class space    used 879K, capacity 912K, committed 1024K, reserved 1048576K
Event: 2.751 GC heap after
Heap after GC invocations=10 (full 1):
 PSYoungGen      total 27136K, used 6130K [0x00000000d9500000, 0x00000000dc400000, 0x0000000100000000)
  eden space 20992K, 0% used [0x00000000d9500000,0x00000000d9500000,0x00000000da980000)
  from space 6144K, 99% used [0x00000000da980000,0x00000000daf7cb20,0x00000000daf80000)
  to   space 8704K, 0% used [0x00000000dbb80000,0x00000000dbb80000,0x00000000dc400000)
 ParOldGen       total 13312K, used 11038K [0x000000008be00000, 0x000000008cb00000, 0x00000000d9500000)
  object space 13312K, 82% used [0x000000008be00000,0x000000008c8c7a20,0x000000008cb00000)
 Metaspace       used 7706K, capacity 8532K, committed 8704K, reserved 1056768K
  class space    used 879K, capacity 912K, committed 1024K, reserved 1048576K
}
Event: 2.751 GC heap before
{Heap before GC invocations=11 (full 2):
 PSYoungGen      total 27136K, used 6130K [0x00000000d9500000, 0x00000000dc400000, 0x0000000100000000)
  eden space 20992K, 0% used [0x00000000d9500000,0x00000000d9500000,0x00000000da980000)
  from space 6144K, 99% used [0x00000000da980000,0x00000000daf7cb20,0x00000000daf80000)
  to   space 8704K, 0% used [0x00000000dbb80000,0x00000000dbb80000,0x00000000dc400000)
 ParOldGen       total 13312K, used 11038K [0x000000008be00000, 0x000000008cb00000, 0x00000000d9500000)
  object space 13312K, 82% used [0x000000008be00000,0x000000008c8c7a20,0x000000008cb00000)
 Metaspace       used 7706K, capacity 8532K, committed 8704K, reserved 1056768K
  class space    used 879K, capacity 912K, committed 1024K, reserved 1048576K
Event: 2.790 GC heap after
Heap after GC invocations=11 (full 2):
 PSYoungGen      total 27136K, used 1991K [0x00000000d9500000, 0x00000000dc400000, 0x0000000100000000)
  eden space 20992K, 0% used [0x00000000d9500000,0x00000000d9500000,0x00000000da980000)
  from space 6144K, 32% used [0x00000000da980000,0x00000000dab71d88,0x00000000daf80000)
  to   space 8704K, 0% used [0x00000000dbb80000,0x00000000dbb80000,0x00000000dc400000)
 ParOldGen       total 20992K, used 13179K [0x000000008be00000, 0x000000008d280000, 0x00000000d9500000)
  object space 20992K, 62% used [0x000000008be00000,0x000000008cadef10,0x000000008d280000)
 Metaspace       used 7706K, capacity 8532K, committed 8704K, reserved 1056768K
  class space    used 879K, capacity 912K, committed 1024K, reserved 1048576K
}
Event: 2.973 GC heap before
{Heap before GC invocations=12 (full 2):
 PSYoungGen      total 27136K, used 22983K [0x00000000d9500000, 0x00000000dc400000, 0x0000000100000000)
  eden space 20992K, 100% used [0x00000000d9500000,0x00000000da980000,0x00000000da980000)
  from space 6144K, 32% used [0x00000000da980000,0x00000000dab71d88,0x00000000daf80000)
  to   space 8704K, 0% used [0x00000000dbb80000,0x00000000dbb80000,0x00000000dc400000)
 ParOldGen       total 20992K, used 13179K [0x000000008be00000, 0x000000008d280000, 0x00000000d9500000)
  object space 20992K, 62% used [0x000000008be00000,0x000000008cadef10,0x000000008d280000)
 Metaspace       used 7993K, capacity 8788K, committed 8960K, reserved 1056768K
  class space    used 884K, capacity 912K, committed 1024K, reserved 1048576K
Event: 2.985 GC heap after
Heap after GC invocations=12 (full 2):
 PSYoungGen      total 35840K, used 8699K [0x00000000d9500000, 0x00000000dc580000, 0x0000000100000000)
  eden space 27136K, 0% used [0x00000000d9500000,0x00000000d9500000,0x00000000daf80000)
  from space 8704K, 99% used [0x00000000dbb80000,0x00000000dc3fed58,0x00000000dc400000)
  to   space 11264K, 0% used [0x00000000daf80000,0x00000000daf80000,0x00000000dba80000)
 ParOldGen       total 20992K, used 15866K [0x000000008be00000, 0x000000008d280000, 0x00000000d9500000)
  object space 20992K, 75% used [0x000000008be00000,0x000000008cd7e8b0,0x000000008d280000)
 Metaspace       used 7993K, capacity 8788K, committed 8960K, reserved 1056768K
  class space    used 884K, capacity 912K, committed 1024K, reserved 1048576K
}
Event: 3.568 GC heap before
{Heap before GC invocations=13 (full 2):
 PSYoungGen      total 35840K, used 35835K [0x00000000d9500000, 0x00000000dc580000, 0x0000000100000000)
  eden space 27136K, 100% used [0x00000000d9500000,0x00000000daf80000,0x00000000daf80000)
  from space 8704K, 99% used [0x00000000dbb80000,0x00000000dc3fed58,0x00000000dc400000)
  to   space 11264K, 0% used [0x00000000daf80000,0x00000000daf80000,0x00000000dba80000)
 ParOldGen       total 20992K, used 15866K [0x000000008be00000, 0x000000008d280000, 0x00000000d9500000)
  object space 20992K, 75% used [0x000000008be00000,0x000000008cd7e8b0,0x000000008d280000)
 Metaspace       used 9261K, capacity 9908K, committed 9984K, reserved 1058816K
  class space    used 973K, capacity 1008K, committed 1024K, reserved 1048576K
Event: 3.577 GC heap after
Heap after GC invocations=13 (full 2):
 PSYoungGen      total 38400K, used 6181K [0x00000000d9500000, 0x00000000dcc80000, 0x0000000100000000)
  eden space 27136K, 0% used [0x00000000d9500000,0x00000000d9500000,0x00000000daf80000)
  from space 11264K, 54% used [0x00000000daf80000,0x00000000db589630,0x00000000dba80000)
  to   space 11264K, 0% used [0x00000000dc180000,0x00000000dc180000,0x00000000dcc80000)
 ParOldGen       total 20992K, used 20967K [0x000000008be00000, 0x000000008d280000, 0x00000000d9500000)
  object space 20992K, 99% used [0x000000008be00000,0x000000008d279e48,0x000000008d280000)
 Metaspace       used 9261K, capacity 9908K, committed 9984K, reserved 1058816K
  class space    used 973K, capacity 1008K, committed 1024K, reserved 1048576K
}
Event: 3.577 GC heap before
{Heap before GC invocations=14 (full 3):
 PSYoungGen      total 38400K, used 6181K [0x00000000d9500000, 0x00000000dcc80000, 0x0000000100000000)
  eden space 27136K, 0% used [0x00000000d9500000,0x00000000d9500000,0x00000000daf80000)
  from space 11264K, 54% used [0x00000000daf80000,0x00000000db589630,0x00000000dba80000)
  to   space 11264K, 0% used [0x00000000dc180000,0x00000000dc180000,0x00000000dcc80000)
 ParOldGen       total 20992K, used 20967K [0x000000008be00000, 0x000000008d280000, 0x00000000d9500000)
  object space 20992K, 99% used [0x000000008be00000,0x000000008d279e48,0x000000008d280000)
 Metaspace       used 9261K, capacity 9908K, committed 9984K, reserved 1058816K
  class space    used 973K, capacity 1008K, committed 1024K, reserved 1048576K
Event: 3.661 GC heap after
Heap after GC invocations=14 (full 3):
 PSYoungGen      total 38400K, used 3052K [0x00000000d9500000, 0x00000000dcc80000, 0x0000000100000000)
  eden space 27136K, 0% used [0x00000000d9500000,0x00000000d9500000,0x00000000daf80000)
  from space 11264K, 27% used [0x00000000daf80000,0x00000000db27b0e0,0x00000000dba80000)
  to   space 11264K, 0% used [0x00000000dc180000,0x00000000dc180000,0x00000000dcc80000)
 ParOldGen       total 31744K, used 20578K [0x000000008be00000, 0x000000008dd00000, 0x00000000d9500000)
  object space 31744K, 64% used [0x000000008be00000,0x000000008d218ad8,0x000000008dd00000)
 Metaspace       used 9261K, capacity 9908K, committed 9984K, reserved 1058816K
  class space    used 973K, capacity 1008K, committed 1024K, reserved 1048576K
}

