# JRE version: OpenJDK Runtime Environment (8.0) (build 1.8.0-25-microsoft-b00)
# Java VM: OpenJDK 64-Bit Server VM (25.71-b00 mixed mode windows-amd64 compressed oops)
Heap:
 PSYoungGen      total 36864K, used 11048K [0x00000000d9500000, 0x00000000dc300000, 0x0000000100000000)
  eden space 26624K, 41% used [0x00000000d9500000,0x00000000d9fca0d0,0x00000000daf00000)
  from space 10240K, 0% used [0x00000000db900000,0x00000000db900000,0x00000000dc300000)
  to   space 10240K, 0% used [0x00000000daf00000,0x00000000daf00000,0x00000000db900000)
 ParOldGen       total 54272K, used 35114K [0x000000008be00000, 0x000000008f300000, 0x00000000d9500000)
  object space 54272K, 64% used [0x000000008be00000,0x000000008e04aa28,0x000000008f300000)
 Metaspace       used 9415K, capacity 10036K, committed 10240K, reserved 1058816K
  class space    used 973K, capacity 1008K, committed 1024K, reserved 1048576K
GC Heap History (10 events):
Event: 1.139 GC heap before
{Heap before GC invocations=12 (full 2):
 PSYoungGen      total 25600K, used 23040K [0x00000000d9500000, 0x00000000db900000, 0x0000000100000000)
  eden space 23040K, 100% used [0x00000000d9500000,0x00000000dab80000,0x00000000dab80000)
  from space 2560K, 0% used [0x00000000dab80000,0x00000000dab80000,0x00000000dae00000)
  to   space 5120K, 0% used [0x00000000db400000,0x00000000db400000,0x00000000db900000)
 ParOldGen       total 24064K, used 14539K [0x000000008be00000, 0x000000008d580000, 0x00000000d9500000)
  object space 24064K, 60% used [0x000000008be00000,0x000000008cc32ec8,0x000000008d580000)
 Metaspace       used 7862K, capacity 8660K, committed 8960K, reserved 1056768K
  class space    used 881K, capacity 912K, committed 1024K, reserved 1048576K
Event: 1.145 GC heap after
Heap after GC invocations=12 (full 2):
 PSYoungGen      total 29184K, used 5101K [0x00000000d9500000, 0x00000000dbe80000, 0x0000000100000000)
  eden space 24064K, 0% used [0x00000000d9500000,0x00000000d9500000,0x00000000dac80000)
  from space 5120K, 99% used [0x00000000db400000,0x00000000db8fb448,0x00000000db900000)
  to   space 7680K, 0% used [0x00000000dac80000,0x00000000dac80000,0x00000000db400000)
 ParOldGen       total 24064K, used 19772K [0x000000008be00000, 0x000000008d580000, 0x00000000d9500000)
  object space 24064K, 82% used [0x000000008be00000,0x000000008d14f148,0x000000008d580000)
 Metaspace       used 7862K, capacity 8660K, committed 8960K, reserved 1056768K
  class space    used 881K, capacity 912K, committed 1024K, reserved 1048576K
}
Event: 1.145 GC heap before
{Heap before GC invocations=13 (full 3):
 PSYoungGen      total 29184K, used 5101K [0x00000000d9500000, 0x00000000dbe80000, 0x0000000100000000)
  eden space 24064K, 0% used [0x00000000d9500000,0x00000000d9500000,0x00000000dac80000)
  from space 5120K, 99% used [0x00000000db400000,0x00000000db8fb448,0x00000000db900000)
  to   space 7680K, 0% used [0x00000000dac80000,0x00000000dac80000,0x00000000db400000)
 ParOldGen       total 24064K, used 19772K [0x000000008be00000, 0x000000008d580000, 0x00000000d9500000)
  object space 24064K, 82% used [0x000000008be00000,0x000000008d14f148,0x000000008d580000)
 Metaspace       used 7862K, capacity 8660K, committed 8960K, reserved 1056768K
  class space    used 881K, capacity 912K, committed 1024K, reserved 1048576K
Event: 1.213 GC heap after
Heap after GC invocations=13 (full 3):
 PSYoungGen      total 29184K, used 0K [0x00000000d9500000, 0x00000000dbe80000, 0x0000000100000000)
  eden space 24064K, 0% used [0x00000000d9500000,0x00000000d9500000,0x00000000dac80000)
  from space 5120K, 0% used [0x00000000db400000,0x00000000db400000,0x00000000db900000)
  to   space 7680K, 0% used [0x00000000dac80000,0x00000000dac80000,0x00000000db400000)
 ParOldGen       total 36864K, used 23252K [0x000000008be00000, 0x000000008e200000, 0x00000000d9500000)
  object space 36864K, 63% used [0x000000008be00000,0x000000008d4b5310,0x000000008e200000)
 Metaspace       used 7862K, capacity 8660K, committed 8960K, reserved 1056768K
  class space    used 881K, capacity 912K, committed 1024K, reserved 1048576K
}
Event: 1.358 GC heap before
{Heap before GC invocations=14 (full 3):
 PSYoungGen      total 29184K, used 24064K [0x00000000d9500000, 0x00000000dbe80000, 0x0000000100000000)
  eden space 24064K, 100% used [0x00000000d9500000,0x00000000dac80000,0x00000000dac80000)
  from space 5120K, 0% used [0x00000000db400000,0x00000000db400000,0x00000000db900000)
  to   space 7680K, 0% used [0x00000000dac80000,0x00000000dac80000,0x00000000db400000)
 ParOldGen       total 36864K, used 23252K [0x000000008be00000, 0x000000008e200000, 0x00000000d9500000)
  object space 36864K, 63% used [0x000000008be00000,0x000000008d4b5310,0x000000008e200000)
 Metaspace       used 8090K, capacity 8852K, committed 9216K, reserved 1056768K
  class space    used 884K, capacity 912K, committed 1024K, reserved 1048576K
Event: 1.366 GC heap after
Heap after GC invocations=14 (full 3):
 PSYoungGen      total 31744K, used 7670K [0x00000000d9500000, 0x00000000dc300000, 0x0000000100000000)
  eden space 24064K, 0% used [0x00000000d9500000,0x00000000d9500000,0x00000000dac80000)
  from space 7680K, 99% used [0x00000000dac80000,0x00000000db3fd800,0x00000000db400000)
  to   space 10240K, 0% used [0x00000000db900000,0x00000000db900000,0x00000000dc300000)
 ParOldGen       total 36864K, used 25615K [0x000000008be00000, 0x000000008e200000, 0x00000000d9500000)
  object space 36864K, 69% used [0x000000008be00000,0x000000008d703d58,0x000000008e200000)
 Metaspace       used 8090K, capacity 8852K, committed 9216K, reserved 1056768K
  class space    used 884K, capacity 912K, committed 1024K, reserved 1048576K
}
Event: 1.772 GC heap before
{Heap before GC invocations=15 (full 3):
 PSYoungGen      total 31744K, used 31734K [0x00000000d9500000, 0x00000000dc300000, 0x0000000100000000)
  eden space 24064K, 100% used [0x00000000d9500000,0x00000000dac80000,0x00000000dac80000)
  from space 7680K, 99% used [0x00000000dac80000,0x00000000db3fd800,0x00000000db400000)
  to   space 10240K, 0% used [0x00000000db900000,0x00000000db900000,0x00000000dc300000)
 ParOldGen       total 36864K, used 25615K [0x000000008be00000, 0x000000008e200000, 0x00000000d9500000)
  object space 36864K, 69% used [0x000000008be00000,0x000000008d703d58,0x000000008e200000)
 Metaspace       used 9159K, capacity 9780K, committed 9984K, reserved 1058816K
  class space    used 972K, capacity 1008K, committed 1024K, reserved 1048576K
Event: 1.780 GC heap after
Heap after GC invocations=15 (full 3):
 PSYoungGen      total 36864K, used 5765K [0x00000000d9500000, 0x00000000dc300000, 0x0000000100000000)
  eden space 26624K, 0% used [0x00000000d9500000,0x00000000d9500000,0x00000000daf00000)
  from space 10240K, 56% used [0x00000000db900000,0x00000000dbea1548,0x00000000dc300000)
  to   space 10240K, 0% used [0x00000000daf00000,0x00000000daf00000,0x00000000db900000)
 ParOldGen       total 36864K, used 33241K [0x000000008be00000, 0x000000008e200000, 0x00000000d9500000)
  object space 36864K, 90% used [0x000000008be00000,0x000000008de76690,0x000000008e200000)
 Metaspace       used 9159K, capacity 9780K, committed 9984K, reserved 1058816K
  class space    used 972K, capacity 1008K, committed 1024K, reserved 1048576K
}
Event: 1.780 GC heap before
{Heap before GC invocations=16 (full 4):
 PSYoungGen      total 36864K, used 5765K [0x00000000d9500000, 0x00000000dc300000, 0x0000000100000000)
  eden space 26624K, 0% used [0x00000000d9500000,0x00000000d9500000,0x00000000daf00000)
  from space 10240K, 56% used [0x00000000db900000,0x00000000dbea1548,0x00000000dc300000)
  to   space 10240K, 0% used [0x00000000daf00000,0x00000000daf00000,0x00000000db900000)
 ParOldGen       total 36864K, used 33241K [0x000000008be00000, 0x000000008e200000, 0x00000000d9500000)
  object space 36864K, 90% used [0x000000008be00000,0x000000008de76690,0x000000008e200000)
 Metaspace       used 9159K, capacity 9780K, committed 9984K, reserved 1058816K
  class space    used 972K, capacity 1008K, committed 1024K, reserved 1048576K
Event: 1.885 GC heap after
Heap after GC invocations=16 (full 4):
 PSYoungGen      total 36864K, used 0K [0x00000000d9500000, 0x00000000dc300000, 0x0000000100000000)
  eden space 26624K, 0% used [0x00000000d9500000,0x00000000d9500000,0x00000000daf00000)
  from space 10240K, 0% used [0x00000000db900000,0x00000000db900000,0x00000000dc300000)
  to   space 10240K, 0% used [0x00000000daf00000,0x00000000daf00000,0x00000000db900000)
 ParOldGen       total 54272K, used 35114K [0x000000008be00000, 0x000000008f300000, 0x00000000d9500000)
  object space 54272K, 64% used [0x000000008be00000,0x000000008e04aa28,0x000000008f300000)
 Metaspace       used 9159K, capacity 9780K, committed 9984K, reserved 1058816K
  class space    used 972K, capacity 1008K, committed 1024K, reserved 1048576K
}

