# JRE version: Java(TM) SE Runtime Environment 18.9 (11.0.9+7) (build 11.0.9+7-LTS)
# Java VM: Java HotSpot(TM) 64-Bit Server VM 18.9 (11.0.9+7-LTS, mixed mode, tiered, compressed oops, g1 gc, windows-amd64)
Heap:
 garbage-first heap   total 18432K, used 8628K [0x000000008be00000, 0x0000000100000000)
  region size 1024K, 1 young (1024K), 1 survivors (1024K)
 Metaspace       used 13710K, capacity 13940K, committed 14080K, reserved 1062912K
  class space    used 1437K, capacity 1503K, committed 1536K, reserved 1048576K
GC Heap History (10 events):
Event: 2.251 GC heap before
{Heap before GC invocations=14 (full 0):
 garbage-first heap   total 8192K, used 4100K [0x000000008be00000, 0x0000000100000000)
  region size 1024K, 2 young (2048K), 1 survivors (1024K)
 Metaspace       used 13703K, capacity 13940K, committed 14080K, reserved 1062912K
  class space    used 1437K, capacity 1503K, committed 1536K, reserved 1048576K
}
Event: 2.253 GC heap after
{Heap after GC invocations=15 (full 0):
 garbage-first heap   total 8192K, used 4667K [0x000000008be00000, 0x0000000100000000)
  region size 1024K, 1 young (1024K), 1 survivors (1024K)
 Metaspace       used 13703K, capacity 13940K, committed 14080K, reserved 1062912K
  class space    used 1437K, capacity 1503K, committed 1536K, reserved 1048576K
}
Event: 2.277 GC heap before
{Heap before GC invocations=16 (full 0):
 garbage-first heap   total 8192K, used 6715K [0x000000008be00000, 0x0000000100000000)
  region size 1024K, 2 young (2048K), 1 survivors (1024K)
 Metaspace       used 13704K, capacity 13940K, committed 14080K, reserved 1062912K
  class space    used 1437K, capacity 1503K, committed 1536K, reserved 1048576K
}
Event: 2.279 GC heap after
{Heap after GC invocations=17 (full 0):
 garbage-first heap   total 9216K, used 4811K [0x000000008be00000, 0x0000000100000000)
  region size 1024K, 1 young (1024K), 1 survivors (1024K)
 Metaspace       used 13704K, capacity 13940K, committed 14080K, reserved 1062912K
  class space    used 1437K, capacity 1503K, committed 1536K, reserved 1048576K
}
Event: 2.287 GC heap before
{Heap before GC invocations=17 (full 0):
 garbage-first heap   total 9216K, used 4811K [0x000000008be00000, 0x0000000100000000)
  region size 1024K, 2 young (2048K), 1 survivors (1024K)
 Metaspace       used 13705K, capacity 13940K, committed 14080K, reserved 1062912K
  class space    used 1437K, capacity 1503K, committed 1536K, reserved 1048576K
}
Event: 2.288 GC heap after
{Heap after GC invocations=18 (full 0):
 garbage-first heap   total 12288K, used 5237K [0x000000008be00000, 0x0000000100000000)
  region size 1024K, 1 young (1024K), 1 survivors (1024K)
 Metaspace       used 13705K, capacity 13940K, committed 14080K, reserved 1062912K
  class space    used 1437K, capacity 1503K, committed 1536K, reserved 1048576K
}
Event: 2.297 GC heap before
{Heap before GC invocations=19 (full 0):
 garbage-first heap   total 12288K, used 5237K [0x000000008be00000, 0x0000000100000000)
  region size 1024K, 2 young (2048K), 1 survivors (1024K)
 Metaspace       used 13707K, capacity 13940K, committed 14080K, reserved 1062912K
  class space    used 1437K, capacity 1503K, committed 1536K, reserved 1048576K
}
Event: 2.299 GC heap after
{Heap after GC invocations=20 (full 0):
 garbage-first heap   total 12288K, used 5111K [0x000000008be00000, 0x0000000100000000)
  region size 1024K, 1 young (1024K), 1 survivors (1024K)
 Metaspace       used 13707K, capacity 13940K, committed 14080K, reserved 1062912K
  class space    used 1437K, capacity 1503K, committed 1536K, reserved 1048576K
}
Event: 2.314 GC heap before
{Heap before GC invocations=21 (full 0):
 garbage-first heap   total 12288K, used 9207K [0x000000008be00000, 0x0000000100000000)
  region size 1024K, 2 young (2048K), 1 survivors (1024K)
 Metaspace       used 13710K, capacity 13940K, committed 14080K, reserved 1062912K
  class space    used 1437K, capacity 1503K, committed 1536K, reserved 1048576K
}
Event: 2.315 GC heap after
{Heap after GC invocations=22 (full 0):
 garbage-first heap   total 12288K, used 8257K [0x000000008be00000, 0x0000000100000000)
  region size 1024K, 1 young (1024K), 1 survivors (1024K)
 Metaspace       used 13710K, capacity 13940K, committed 14080K, reserved 1062912K
  class space    used 1437K, capacity 1503K, committed 1536K, reserved 1048576K
}

