# JRE version: OpenJDK Runtime Environment (8.0) (build 1.8.0-25-microsoft-b00)
# Java VM: OpenJDK 64-Bit Server VM (25.71-b00 mixed mode windows-amd64 compressed oops)
Heap:
 PSYoungGen      total 201728K, used 175988K [0x00000000eab00000, 0x00000000f8800000, 0x0000000100000000)
  eden space 177664K, 85% used [0x00000000eab00000,0x00000000f3f65010,0x00000000f5880000)
  from space 24064K, 99% used [0x00000000f5880000,0x00000000f6ff8020,0x00000000f7000000)
  to   space 24576K, 0% used [0x00000000f7000000,0x00000000f7000000,0x00000000f8800000)
 ParOldGen       total 122368K, used 84579K [0x00000000c0000000, 0x00000000c7780000, 0x00000000eab00000)
  object space 122368K, 69% used [0x00000000c0000000,0x00000000c5298e40,0x00000000c7780000)
 Metaspace       used 15122K, capacity 16200K, committed 16256K, reserved 1062912K
  class space    used 1878K, capacity 2142K, committed 2176K, reserved 1048576K
GC Heap History (10 events):
Event: 6.549 GC heap before
{Heap before GC invocations=30 (full 1):
 PSYoungGen      total 202240K, used 202208K [0x00000000eab00000, 0x00000000f8800000, 0x0000000100000000)
  eden space 177664K, 100% used [0x00000000eab00000,0x00000000f5880000,0x00000000f5880000)
  from space 24576K, 99% used [0x00000000f7000000,0x00000000f87f8010,0x00000000f8800000)
  to   space 24064K, 0% used [0x00000000f5880000,0x00000000f5880000,0x00000000f7000000)
 ParOldGen       total 122368K, used 73197K [0x00000000c0000000, 0x00000000c7780000, 0x00000000eab00000)
  object space 122368K, 59% used [0x00000000c0000000,0x00000000c477b560,0x00000000c7780000)
 Metaspace       used 15101K, capacity 16194K, committed 16256K, reserved 1062912K
  class space    used 1877K, capacity 2141K, committed 2176K, reserved 1048576K
Event: 6.567 GC heap after
Heap after GC invocations=30 (full 1):
 PSYoungGen      total 201728K, used 24032K [0x00000000eab00000, 0x00000000f8800000, 0x0000000100000000)
  eden space 177664K, 0% used [0x00000000eab00000,0x00000000eab00000,0x00000000f5880000)
  from space 24064K, 99% used [0x00000000f5880000,0x00000000f6ff8010,0x00000000f7000000)
  to   space 24576K, 0% used [0x00000000f7000000,0x00000000f7000000,0x00000000f8800000)
 ParOldGen       total 122368K, used 75824K [0x00000000c0000000, 0x00000000c7780000, 0x00000000eab00000)
  object space 122368K, 61% used [0x00000000c0000000,0x00000000c4a0c158,0x00000000c7780000)
 Metaspace       used 15101K, capacity 16194K, committed 16256K, reserved 1062912K
  class space    used 1877K, capacity 2141K, committed 2176K, reserved 1048576K
}
Event: 6.755 GC heap before
{Heap before GC invocations=31 (full 1):
 PSYoungGen      total 201728K, used 201696K [0x00000000eab00000, 0x00000000f8800000, 0x0000000100000000)
  eden space 177664K, 100% used [0x00000000eab00000,0x00000000f5880000,0x00000000f5880000)
  from space 24064K, 99% used [0x00000000f5880000,0x00000000f6ff8010,0x00000000f7000000)
  to   space 24576K, 0% used [0x00000000f7000000,0x00000000f7000000,0x00000000f8800000)
 ParOldGen       total 122368K, used 75824K [0x00000000c0000000, 0x00000000c7780000, 0x00000000eab00000)
  object space 122368K, 61% used [0x00000000c0000000,0x00000000c4a0c158,0x00000000c7780000)
 Metaspace       used 15101K, capacity 16194K, committed 16256K, reserved 1062912K
  class space    used 1877K, capacity 2141K, committed 2176K, reserved 1048576K
Event: 6.769 GC heap after
Heap after GC invocations=31 (full 1):
 PSYoungGen      total 202240K, used 22976K [0x00000000eab00000, 0x00000000f8800000, 0x0000000100000000)
  eden space 177664K, 0% used [0x00000000eab00000,0x00000000eab00000,0x00000000f5880000)
  from space 24576K, 93% used [0x00000000f7000000,0x00000000f8670010,0x00000000f8800000)
  to   space 24064K, 0% used [0x00000000f5880000,0x00000000f5880000,0x00000000f7000000)
 ParOldGen       total 122368K, used 78800K [0x00000000c0000000, 0x00000000c7780000, 0x00000000eab00000)
  object space 122368K, 64% used [0x00000000c0000000,0x00000000c4cf4158,0x00000000c7780000)
 Metaspace       used 15101K, capacity 16194K, committed 16256K, reserved 1062912K
  class space    used 1877K, capacity 2141K, committed 2176K, reserved 1048576K
}
Event: 6.948 GC heap before
{Heap before GC invocations=32 (full 1):
 PSYoungGen      total 202240K, used 200640K [0x00000000eab00000, 0x00000000f8800000, 0x0000000100000000)
  eden space 177664K, 100% used [0x00000000eab00000,0x00000000f5880000,0x00000000f5880000)
  from space 24576K, 93% used [0x00000000f7000000,0x00000000f8670010,0x00000000f8800000)
  to   space 24064K, 0% used [0x00000000f5880000,0x00000000f5880000,0x00000000f7000000)
 ParOldGen       total 122368K, used 78800K [0x00000000c0000000, 0x00000000c7780000, 0x00000000eab00000)
  object space 122368K, 64% used [0x00000000c0000000,0x00000000c4cf4158,0x00000000c7780000)
 Metaspace       used 15110K, capacity 16194K, committed 16256K, reserved 1062912K
  class space    used 1877K, capacity 2141K, committed 2176K, reserved 1048576K
Event: 6.964 GC heap after
Heap after GC invocations=32 (full 1):
 PSYoungGen      total 201728K, used 24032K [0x00000000eab00000, 0x00000000f8800000, 0x0000000100000000)
  eden space 177664K, 0% used [0x00000000eab00000,0x00000000eab00000,0x00000000f5880000)
  from space 24064K, 99% used [0x00000000f5880000,0x00000000f6ff8010,0x00000000f7000000)
  to   space 24576K, 0% used [0x00000000f7000000,0x00000000f7000000,0x00000000f8800000)
 ParOldGen       total 122368K, used 79778K [0x00000000c0000000, 0x00000000c7780000, 0x00000000eab00000)
  object space 122368K, 65% used [0x00000000c0000000,0x00000000c4de8bd8,0x00000000c7780000)
 Metaspace       used 15110K, capacity 16194K, committed 16256K, reserved 1062912K
  class space    used 1877K, capacity 2141K, committed 2176K, reserved 1048576K
}
Event: 7.136 GC heap before
{Heap before GC invocations=33 (full 1):
 PSYoungGen      total 201728K, used 201696K [0x00000000eab00000, 0x00000000f8800000, 0x0000000100000000)
  eden space 177664K, 100% used [0x00000000eab00000,0x00000000f5880000,0x00000000f5880000)
  from space 24064K, 99% used [0x00000000f5880000,0x00000000f6ff8010,0x00000000f7000000)
  to   space 24576K, 0% used [0x00000000f7000000,0x00000000f7000000,0x00000000f8800000)
 ParOldGen       total 122368K, used 79778K [0x00000000c0000000, 0x00000000c7780000, 0x00000000eab00000)
  object space 122368K, 65% used [0x00000000c0000000,0x00000000c4de8bd8,0x00000000c7780000)
 Metaspace       used 15114K, capacity 16194K, committed 16256K, reserved 1062912K
  class space    used 1877K, capacity 2141K, committed 2176K, reserved 1048576K
Event: 7.156 GC heap after
Heap after GC invocations=33 (full 1):
 PSYoungGen      total 202240K, used 23824K [0x00000000eab00000, 0x00000000f8800000, 0x0000000100000000)
  eden space 177664K, 0% used [0x00000000eab00000,0x00000000eab00000,0x00000000f5880000)
  from space 24576K, 96% used [0x00000000f7000000,0x00000000f8744030,0x00000000f8800000)
  to   space 24064K, 0% used [0x00000000f5880000,0x00000000f5880000,0x00000000f7000000)
 ParOldGen       total 122368K, used 82618K [0x00000000c0000000, 0x00000000c7780000, 0x00000000eab00000)
  object space 122368K, 67% used [0x00000000c0000000,0x00000000c50aebe8,0x00000000c7780000)
 Metaspace       used 15114K, capacity 16194K, committed 16256K, reserved 1062912K
  class space    used 1877K, capacity 2141K, committed 2176K, reserved 1048576K
}
Event: 7.331 GC heap before
{Heap before GC invocations=34 (full 1):
 PSYoungGen      total 202240K, used 201488K [0x00000000eab00000, 0x00000000f8800000, 0x0000000100000000)
  eden space 177664K, 100% used [0x00000000eab00000,0x00000000f5880000,0x00000000f5880000)
  from space 24576K, 96% used [0x00000000f7000000,0x00000000f8744030,0x00000000f8800000)
  to   space 24064K, 0% used [0x00000000f5880000,0x00000000f5880000,0x00000000f7000000)
 ParOldGen       total 122368K, used 82618K [0x00000000c0000000, 0x00000000c7780000, 0x00000000eab00000)
  object space 122368K, 67% used [0x00000000c0000000,0x00000000c50aebe8,0x00000000c7780000)
 Metaspace       used 15114K, capacity 16194K, committed 16256K, reserved 1062912K
  class space    used 1877K, capacity 2141K, committed 2176K, reserved 1048576K
Event: 7.352 GC heap after
Heap after GC invocations=34 (full 1):
 PSYoungGen      total 201728K, used 24032K [0x00000000eab00000, 0x00000000f8800000, 0x0000000100000000)
  eden space 177664K, 0% used [0x00000000eab00000,0x00000000eab00000,0x00000000f5880000)
  from space 24064K, 99% used [0x00000000f5880000,0x00000000f6ff8020,0x00000000f7000000)
  to   space 24576K, 0% used [0x00000000f7000000,0x00000000f7000000,0x00000000f8800000)
 ParOldGen       total 122368K, used 84579K [0x00000000c0000000, 0x00000000c7780000, 0x00000000eab00000)
  object space 122368K, 69% used [0x00000000c0000000,0x00000000c5298e40,0x00000000c7780000)
 Metaspace       used 15114K, capacity 16194K, committed 16256K, reserved 1062912K
  class space    used 1877K, capacity 2141K, committed 2176K, reserved 1048576K
}

