# JRE version: OpenJDK Runtime Environment (8.0) (build 1.8.0-25-microsoft-b00)
# Java VM: OpenJDK 64-Bit Server VM (25.71-b00 mixed mode windows-amd64 compressed oops)
Heap:
 PSYoungGen      total 127488K, used 30709K [0x00000000eab00000, 0x00000000fe100000, 0x0000000100000000)
  eden space 122880K, 24% used [0x00000000eab00000,0x00000000ec8fd680,0x00000000f2300000)
  from space 4608K, 0% used [0x00000000f2300000,0x00000000f2300000,0x00000000f2780000)
  to   space 35840K, 0% used [0x00000000fbe00000,0x00000000fbe00000,0x00000000fe100000)
 ParOldGen       total 80896K, used 46909K [0x00000000c0000000, 0x00000000c4f00000, 0x00000000eab00000)
  object space 80896K, 57% used [0x00000000c0000000,0x00000000c2dcf510,0x00000000c4f00000)
 Metaspace       used 7695K, capacity 7990K, committed 8320K, reserved 1056768K
  class space    used 901K, capacity 997K, committed 1152K, reserved 1048576K
GC Heap History (10 events):
Event: 0.409 GC heap before
{Heap before GC invocations=2 (full 0):
 PSYoungGen      total 35328K, used 35323K [0x00000000eab00000, 0x00000000ef000000, 0x0000000100000000)
  eden space 30720K, 100% used [0x00000000eab00000,0x00000000ec900000,0x00000000ec900000)
  from space 4608K, 99% used [0x00000000ec900000,0x00000000ecd7ef48,0x00000000ecd80000)
  to   space 4608K, 0% used [0x00000000eeb80000,0x00000000eeb80000,0x00000000ef000000)
 ParOldGen       total 80896K, used 1606K [0x00000000c0000000, 0x00000000c4f00000, 0x00000000eab00000)
  object space 80896K, 1% used [0x00000000c0000000,0x00000000c0191bb0,0x00000000c4f00000)
 Metaspace       used 6170K, capacity 6430K, committed 6528K, reserved 1056768K
  class space    used 736K, capacity 835K, committed 896K, reserved 1048576K
Event: 0.415 GC heap after
Heap after GC invocations=2 (full 0):
 PSYoungGen      total 66048K, used 4596K [0x00000000eab00000, 0x00000000ef000000, 0x0000000100000000)
  eden space 61440K, 0% used [0x00000000eab00000,0x00000000eab00000,0x00000000ee700000)
  from space 4608K, 99% used [0x00000000eeb80000,0x00000000eeffd398,0x00000000ef000000)
  to   space 4608K, 0% used [0x00000000ee700000,0x00000000ee700000,0x00000000eeb80000)
 ParOldGen       total 80896K, used 12390K [0x00000000c0000000, 0x00000000c4f00000, 0x00000000eab00000)
  object space 80896K, 15% used [0x00000000c0000000,0x00000000c0c19b10,0x00000000c4f00000)
 Metaspace       used 6170K, capacity 6430K, committed 6528K, reserved 1056768K
  class space    used 736K, capacity 835K, committed 896K, reserved 1048576K
}
Event: 0.626 GC heap before
{Heap before GC invocations=3 (full 0):
 PSYoungGen      total 66048K, used 66036K [0x00000000eab00000, 0x00000000ef000000, 0x0000000100000000)
  eden space 61440K, 100% used [0x00000000eab00000,0x00000000ee700000,0x00000000ee700000)
  from space 4608K, 99% used [0x00000000eeb80000,0x00000000eeffd398,0x00000000ef000000)
  to   space 4608K, 0% used [0x00000000ee700000,0x00000000ee700000,0x00000000eeb80000)
 ParOldGen       total 80896K, used 12390K [0x00000000c0000000, 0x00000000c4f00000, 0x00000000eab00000)
  object space 80896K, 15% used [0x00000000c0000000,0x00000000c0c19b10,0x00000000c4f00000)
 Metaspace       used 7124K, capacity 7494K, committed 7680K, reserved 1056768K
  class space    used 846K, capacity 945K, committed 1024K, reserved 1048576K
Event: 0.639 GC heap after
Heap after GC invocations=3 (full 0):
 PSYoungGen      total 66048K, used 4606K [0x00000000eab00000, 0x00000000f2c00000, 0x0000000100000000)
  eden space 61440K, 0% used [0x00000000eab00000,0x00000000eab00000,0x00000000ee700000)
  from space 4608K, 99% used [0x00000000ee700000,0x00000000eeb7f958,0x00000000eeb80000)
  to   space 4608K, 0% used [0x00000000f2780000,0x00000000f2780000,0x00000000f2c00000)
 ParOldGen       total 80896K, used 34357K [0x00000000c0000000, 0x00000000c4f00000, 0x00000000eab00000)
  object space 80896K, 42% used [0x00000000c0000000,0x00000000c218d510,0x00000000c4f00000)
 Metaspace       used 7124K, capacity 7494K, committed 7680K, reserved 1056768K
  class space    used 846K, capacity 945K, committed 1024K, reserved 1048576K
}
Event: 0.745 GC heap before
{Heap before GC invocations=4 (full 0):
 PSYoungGen      total 66048K, used 66046K [0x00000000eab00000, 0x00000000f2c00000, 0x0000000100000000)
  eden space 61440K, 100% used [0x00000000eab00000,0x00000000ee700000,0x00000000ee700000)
  from space 4608K, 99% used [0x00000000ee700000,0x00000000eeb7f958,0x00000000eeb80000)
  to   space 4608K, 0% used [0x00000000f2780000,0x00000000f2780000,0x00000000f2c00000)
 ParOldGen       total 80896K, used 34357K [0x00000000c0000000, 0x00000000c4f00000, 0x00000000eab00000)
  object space 80896K, 42% used [0x00000000c0000000,0x00000000c218d510,0x00000000c4f00000)
 Metaspace       used 7273K, capacity 7638K, committed 7936K, reserved 1056768K
  class space    used 861K, capacity 961K, committed 1024K, reserved 1048576K
Event: 0.757 GC heap after
Heap after GC invocations=4 (full 0):
 PSYoungGen      total 127488K, used 4605K [0x00000000eab00000, 0x00000000f2c00000, 0x0000000100000000)
  eden space 122880K, 0% used [0x00000000eab00000,0x00000000eab00000,0x00000000f2300000)
  from space 4608K, 99% used [0x00000000f2780000,0x00000000f2bff440,0x00000000f2c00000)
  to   space 4608K, 0% used [0x00000000f2300000,0x00000000f2300000,0x00000000f2780000)
 ParOldGen       total 80896K, used 49225K [0x00000000c0000000, 0x00000000c4f00000, 0x00000000eab00000)
  object space 80896K, 60% used [0x00000000c0000000,0x00000000c3012560,0x00000000c4f00000)
 Metaspace       used 7273K, capacity 7638K, committed 7936K, reserved 1056768K
  class space    used 861K, capacity 961K, committed 1024K, reserved 1048576K
}
Event: 1.030 GC heap before
{Heap before GC invocations=5 (full 0):
 PSYoungGen      total 127488K, used 127485K [0x00000000eab00000, 0x00000000f2c00000, 0x0000000100000000)
  eden space 122880K, 100% used [0x00000000eab00000,0x00000000f2300000,0x00000000f2300000)
  from space 4608K, 99% used [0x00000000f2780000,0x00000000f2bff440,0x00000000f2c00000)
  to   space 4608K, 0% used [0x00000000f2300000,0x00000000f2300000,0x00000000f2780000)
 ParOldGen       total 80896K, used 49225K [0x00000000c0000000, 0x00000000c4f00000, 0x00000000eab00000)
  object space 80896K, 60% used [0x00000000c0000000,0x00000000c3012560,0x00000000c4f00000)
 Metaspace       used 7743K, capacity 8106K, committed 8320K, reserved 1056768K
  class space    used 918K, capacity 1029K, committed 1152K, reserved 1048576K
Event: 1.054 GC heap after
Heap after GC invocations=5 (full 0):
 PSYoungGen      total 127488K, used 4600K [0x00000000eab00000, 0x00000000fe100000, 0x0000000100000000)
  eden space 122880K, 0% used [0x00000000eab00000,0x00000000eab00000,0x00000000f2300000)
  from space 4608K, 99% used [0x00000000f2300000,0x00000000f277e070,0x00000000f2780000)
  to   space 35840K, 0% used [0x00000000fbe00000,0x00000000fbe00000,0x00000000fe100000)
 ParOldGen       total 80896K, used 73296K [0x00000000c0000000, 0x00000000c4f00000, 0x00000000eab00000)
  object space 80896K, 90% used [0x00000000c0000000,0x00000000c47941f0,0x00000000c4f00000)
 Metaspace       used 7743K, capacity 8106K, committed 8320K, reserved 1056768K
  class space    used 918K, capacity 1029K, committed 1152K, reserved 1048576K
}
Event: 1.054 GC heap before
{Heap before GC invocations=6 (full 1):
 PSYoungGen      total 127488K, used 4600K [0x00000000eab00000, 0x00000000fe100000, 0x0000000100000000)
  eden space 122880K, 0% used [0x00000000eab00000,0x00000000eab00000,0x00000000f2300000)
  from space 4608K, 99% used [0x00000000f2300000,0x00000000f277e070,0x00000000f2780000)
  to   space 35840K, 0% used [0x00000000fbe00000,0x00000000fbe00000,0x00000000fe100000)
 ParOldGen       total 80896K, used 73296K [0x00000000c0000000, 0x00000000c4f00000, 0x00000000eab00000)
  object space 80896K, 90% used [0x00000000c0000000,0x00000000c47941f0,0x00000000c4f00000)
 Metaspace       used 7743K, capacity 8106K, committed 8320K, reserved 1056768K
  class space    used 918K, capacity 1029K, committed 1152K, reserved 1048576K
Event: 1.150 GC heap after
Heap after GC invocations=6 (full 1):
 PSYoungGen      total 127488K, used 0K [0x00000000eab00000, 0x00000000fe100000, 0x0000000100000000)
  eden space 122880K, 0% used [0x00000000eab00000,0x00000000eab00000,0x00000000f2300000)
  from space 4608K, 0% used [0x00000000f2300000,0x00000000f2300000,0x00000000f2780000)
  to   space 35840K, 0% used [0x00000000fbe00000,0x00000000fbe00000,0x00000000fe100000)
 ParOldGen       total 80896K, used 46909K [0x00000000c0000000, 0x00000000c4f00000, 0x00000000eab00000)
  object space 80896K, 57% used [0x00000000c0000000,0x00000000c2dcf510,0x00000000c4f00000)
 Metaspace       used 7695K, capacity 7990K, committed 8320K, reserved 1056768K
  class space    used 901K, capacity 997K, committed 1152K, reserved 1048576K
}

