# JRE version: OpenJDK Runtime Environment (8.0) (build 1.8.0-25-microsoft-b00)
# Java VM: OpenJDK 64-Bit Server VM (25.71-b00 mixed mode windows-amd64 compressed oops)
Heap:
 PSYoungGen      total 171008K, used 131922K [0x00000000eab00000, 0x00000000f6980000, 0x0000000100000000)
  eden space 146944K, 81% used [0x00000000eab00000,0x00000000f1fbb950,0x00000000f3a80000)
  from space 24064K, 51% used [0x00000000f3a80000,0x00000000f46990e0,0x00000000f5200000)
  to   space 23552K, 0% used [0x00000000f5280000,0x00000000f5280000,0x00000000f6980000)
 ParOldGen       total 108032K, used 46626K [0x00000000c0000000, 0x00000000c6980000, 0x00000000eab00000)
  object space 108032K, 43% used [0x00000000c0000000,0x00000000c2d888a8,0x00000000c6980000)
 Metaspace       used 14192K, capacity 14982K, committed 15360K, reserved 1062912K
  class space    used 1706K, capacity 1925K, committed 2048K, reserved 1048576K
GC Heap History (10 events):
Event: 3.332 GC heap before
{Heap before GC invocations=14 (full 1):
 PSYoungGen      total 145920K, used 126708K [0x00000000eab00000, 0x00000000f5480000, 0x0000000100000000)
  eden space 121344K, 100% used [0x00000000eab00000,0x00000000f2180000,0x00000000f2180000)
  from space 24576K, 21% used [0x00000000f3c80000,0x00000000f41bd110,0x00000000f5480000)
  to   space 26112K, 0% used [0x00000000f2180000,0x00000000f2180000,0x00000000f3b00000)
 ParOldGen       total 108032K, used 46610K [0x00000000c0000000, 0x00000000c6980000, 0x00000000eab00000)
  object space 108032K, 43% used [0x00000000c0000000,0x00000000c2d848a8,0x00000000c6980000)
 Metaspace       used 14090K, capacity 14904K, committed 15360K, reserved 1062912K
  class space    used 1704K, capacity 1924K, committed 2048K, reserved 1048576K
Event: 3.337 GC heap after
Heap after GC invocations=14 (full 1):
 PSYoungGen      total 147456K, used 6272K [0x00000000eab00000, 0x00000000f6b00000, 0x0000000100000000)
  eden space 121344K, 0% used [0x00000000eab00000,0x00000000eab00000,0x00000000f2180000)
  from space 26112K, 24% used [0x00000000f2180000,0x00000000f27a0000,0x00000000f3b00000)
  to   space 25088K, 0% used [0x00000000f5280000,0x00000000f5280000,0x00000000f6b00000)
 ParOldGen       total 108032K, used 46618K [0x00000000c0000000, 0x00000000c6980000, 0x00000000eab00000)
  object space 108032K, 43% used [0x00000000c0000000,0x00000000c2d868a8,0x00000000c6980000)
 Metaspace       used 14090K, capacity 14904K, committed 15360K, reserved 1062912K
  class space    used 1704K, capacity 1924K, committed 2048K, reserved 1048576K
}
Event: 3.476 GC heap before
{Heap before GC invocations=15 (full 1):
 PSYoungGen      total 147456K, used 127616K [0x00000000eab00000, 0x00000000f6b00000, 0x0000000100000000)
  eden space 121344K, 100% used [0x00000000eab00000,0x00000000f2180000,0x00000000f2180000)
  from space 26112K, 24% used [0x00000000f2180000,0x00000000f27a0000,0x00000000f3b00000)
  to   space 25088K, 0% used [0x00000000f5280000,0x00000000f5280000,0x00000000f6b00000)
 ParOldGen       total 108032K, used 46618K [0x00000000c0000000, 0x00000000c6980000, 0x00000000eab00000)
  object space 108032K, 43% used [0x00000000c0000000,0x00000000c2d868a8,0x00000000c6980000)
 Metaspace       used 14122K, capacity 14908K, committed 15360K, reserved 1062912K
  class space    used 1704K, capacity 1924K, committed 2048K, reserved 1048576K
Event: 3.482 GC heap after
Heap after GC invocations=15 (full 1):
 PSYoungGen      total 170496K, used 7280K [0x00000000eab00000, 0x00000000f6980000, 0x0000000100000000)
  eden space 146944K, 0% used [0x00000000eab00000,0x00000000eab00000,0x00000000f3a80000)
  from space 23552K, 30% used [0x00000000f5280000,0x00000000f599c010,0x00000000f6980000)
  to   space 24064K, 0% used [0x00000000f3a80000,0x00000000f3a80000,0x00000000f5200000)
 ParOldGen       total 108032K, used 46618K [0x00000000c0000000, 0x00000000c6980000, 0x00000000eab00000)
  object space 108032K, 43% used [0x00000000c0000000,0x00000000c2d868a8,0x00000000c6980000)
 Metaspace       used 14122K, capacity 14908K, committed 15360K, reserved 1062912K
  class space    used 1704K, capacity 1924K, committed 2048K, reserved 1048576K
}
Event: 3.637 GC heap before
{Heap before GC invocations=16 (full 1):
 PSYoungGen      total 170496K, used 154224K [0x00000000eab00000, 0x00000000f6980000, 0x0000000100000000)
  eden space 146944K, 100% used [0x00000000eab00000,0x00000000f3a80000,0x00000000f3a80000)
  from space 23552K, 30% used [0x00000000f5280000,0x00000000f599c010,0x00000000f6980000)
  to   space 24064K, 0% used [0x00000000f3a80000,0x00000000f3a80000,0x00000000f5200000)
 ParOldGen       total 108032K, used 46618K [0x00000000c0000000, 0x00000000c6980000, 0x00000000eab00000)
  object space 108032K, 43% used [0x00000000c0000000,0x00000000c2d868a8,0x00000000c6980000)
 Metaspace       used 14141K, capacity 14908K, committed 15360K, reserved 1062912K
  class space    used 1704K, capacity 1924K, committed 2048K, reserved 1048576K
Event: 3.644 GC heap after
Heap after GC invocations=16 (full 1):
 PSYoungGen      total 171008K, used 8864K [0x00000000eab00000, 0x00000000f6980000, 0x0000000100000000)
  eden space 146944K, 0% used [0x00000000eab00000,0x00000000eab00000,0x00000000f3a80000)
  from space 24064K, 36% used [0x00000000f3a80000,0x00000000f4328000,0x00000000f5200000)
  to   space 23552K, 0% used [0x00000000f5280000,0x00000000f5280000,0x00000000f6980000)
 ParOldGen       total 108032K, used 46618K [0x00000000c0000000, 0x00000000c6980000, 0x00000000eab00000)
  object space 108032K, 43% used [0x00000000c0000000,0x00000000c2d868a8,0x00000000c6980000)
 Metaspace       used 14141K, capacity 14908K, committed 15360K, reserved 1062912K
  class space    used 1704K, capacity 1924K, committed 2048K, reserved 1048576K
}
Event: 3.806 GC heap before
{Heap before GC invocations=17 (full 1):
 PSYoungGen      total 171008K, used 155808K [0x00000000eab00000, 0x00000000f6980000, 0x0000000100000000)
  eden space 146944K, 100% used [0x00000000eab00000,0x00000000f3a80000,0x00000000f3a80000)
  from space 24064K, 36% used [0x00000000f3a80000,0x00000000f4328000,0x00000000f5200000)
  to   space 23552K, 0% used [0x00000000f5280000,0x00000000f5280000,0x00000000f6980000)
 ParOldGen       total 108032K, used 46618K [0x00000000c0000000, 0x00000000c6980000, 0x00000000eab00000)
  object space 108032K, 43% used [0x00000000c0000000,0x00000000c2d868a8,0x00000000c6980000)
 Metaspace       used 14156K, capacity 14972K, committed 15360K, reserved 1062912K
  class space    used 1704K, capacity 1924K, committed 2048K, reserved 1048576K
Event: 3.814 GC heap after
Heap after GC invocations=17 (full 1):
 PSYoungGen      total 170496K, used 10272K [0x00000000eab00000, 0x00000000f6980000, 0x0000000100000000)
  eden space 146944K, 0% used [0x00000000eab00000,0x00000000eab00000,0x00000000f3a80000)
  from space 23552K, 43% used [0x00000000f5280000,0x00000000f5c88000,0x00000000f6980000)
  to   space 24064K, 0% used [0x00000000f3a80000,0x00000000f3a80000,0x00000000f5200000)
 ParOldGen       total 108032K, used 46626K [0x00000000c0000000, 0x00000000c6980000, 0x00000000eab00000)
  object space 108032K, 43% used [0x00000000c0000000,0x00000000c2d888a8,0x00000000c6980000)
 Metaspace       used 14156K, capacity 14972K, committed 15360K, reserved 1062912K
  class space    used 1704K, capacity 1924K, committed 2048K, reserved 1048576K
}
Event: 3.985 GC heap before
{Heap before GC invocations=18 (full 1):
 PSYoungGen      total 170496K, used 157216K [0x00000000eab00000, 0x00000000f6980000, 0x0000000100000000)
  eden space 146944K, 100% used [0x00000000eab00000,0x00000000f3a80000,0x00000000f3a80000)
  from space 23552K, 43% used [0x00000000f5280000,0x00000000f5c88000,0x00000000f6980000)
  to   space 24064K, 0% used [0x00000000f3a80000,0x00000000f3a80000,0x00000000f5200000)
 ParOldGen       total 108032K, used 46626K [0x00000000c0000000, 0x00000000c6980000, 0x00000000eab00000)
  object space 108032K, 43% used [0x00000000c0000000,0x00000000c2d888a8,0x00000000c6980000)
 Metaspace       used 14180K, capacity 14974K, committed 15360K, reserved 1062912K
  class space    used 1706K, capacity 1925K, committed 2048K, reserved 1048576K
Event: 3.995 GC heap after
Heap after GC invocations=18 (full 1):
 PSYoungGen      total 171008K, used 12388K [0x00000000eab00000, 0x00000000f6980000, 0x0000000100000000)
  eden space 146944K, 0% used [0x00000000eab00000,0x00000000eab00000,0x00000000f3a80000)
  from space 24064K, 51% used [0x00000000f3a80000,0x00000000f46990e0,0x00000000f5200000)
  to   space 23552K, 0% used [0x00000000f5280000,0x00000000f5280000,0x00000000f6980000)
 ParOldGen       total 108032K, used 46626K [0x00000000c0000000, 0x00000000c6980000, 0x00000000eab00000)
  object space 108032K, 43% used [0x00000000c0000000,0x00000000c2d888a8,0x00000000c6980000)
 Metaspace       used 14180K, capacity 14974K, committed 15360K, reserved 1062912K
  class space    used 1706K, capacity 1925K, committed 2048K, reserved 1048576K
}

